<?xml version="1.0" encoding="UTF-8"?>
<testsuite xmlns:xsi="http://www.w3.org/2001/XMLSchema-instance" xsi:noNamespaceSchemaLocation="https://maven.apache.org/surefire/maven-surefire-plugin/xsd/surefire-test-report-3.0.xsd" version="3.0" name="test.exercises.Exercise2Test" time="0.149" tests="6" errors="6" skipped="0" failures="0">
  <properties>
    <property name="java.specification.version" value="24"/>
    <property name="sun.jnu.encoding" value="UTF-8"/>
    <property name="java.class.path" value="/Users/palaniappanmuthuraman/WorkSpace/teaching-deca/DECA 1/labs/sheet04/code/DECALab4-SootUp/target/test-classes:/Users/palaniappanmuthuraman/WorkSpace/teaching-deca/DECA 1/labs/sheet04/code/DECALab4-SootUp/target/classes:/Users/palaniappanmuthuraman/.m2/repository/junit/junit/4.13.2/junit-4.13.2.jar:/Users/palaniappanmuthuraman/.m2/repository/org/hamcrest/hamcrest-core/1.3/hamcrest-core-1.3.jar:/Users/palaniappanmuthuraman/.m2/repository/org/soot-oss/sootup.core/1.3.0/sootup.core-1.3.0.jar:/Users/palaniappanmuthuraman/.m2/repository/org/jgrapht/jgrapht-core/1.3.1/jgrapht-core-1.3.1.jar:/Users/palaniappanmuthuraman/.m2/repository/org/jheaps/jheaps/0.10/jheaps-0.10.jar:/Users/palaniappanmuthuraman/.m2/repository/org/slf4j/slf4j-api/2.0.5/slf4j-api-2.0.5.jar:/Users/palaniappanmuthuraman/.m2/repository/org/apache/commons/commons-lang3/3.12.0/commons-lang3-3.12.0.jar:/Users/palaniappanmuthuraman/.m2/repository/commons-io/commons-io/2.11.0/commons-io-2.11.0.jar:/Users/palaniappanmuthuraman/.m2/repository/com/google/guava/guava/32.0.1-jre/guava-32.0.1-jre.jar:/Users/palaniappanmuthuraman/.m2/repository/com/google/guava/failureaccess/1.0.1/failureaccess-1.0.1.jar:/Users/palaniappanmuthuraman/.m2/repository/com/google/guava/listenablefuture/9999.0-empty-to-avoid-conflict-with-guava/listenablefuture-9999.0-empty-to-avoid-conflict-with-guava.jar:/Users/palaniappanmuthuraman/.m2/repository/org/checkerframework/checker-qual/3.33.0/checker-qual-3.33.0.jar:/Users/palaniappanmuthuraman/.m2/repository/com/google/errorprone/error_prone_annotations/2.18.0/error_prone_annotations-2.18.0.jar:/Users/palaniappanmuthuraman/.m2/repository/com/google/j2objc/j2objc-annotations/2.8/j2objc-annotations-2.8.jar:/Users/palaniappanmuthuraman/.m2/repository/com/google/code/findbugs/jsr305/3.0.2/jsr305-3.0.2.jar:/Users/palaniappanmuthuraman/.m2/repository/org/soot-oss/sootup.java.core/1.3.0/sootup.java.core-1.3.0.jar:/Users/palaniappanmuthuraman/.m2/repository/org/soot-oss/sootup.java.bytecode/1.3.0/sootup.java.bytecode-1.3.0.jar:/Users/palaniappanmuthuraman/.m2/repository/org/ow2/asm/asm-util/9.5/asm-util-9.5.jar:/Users/palaniappanmuthuraman/.m2/repository/org/ow2/asm/asm/9.5/asm-9.5.jar:/Users/palaniappanmuthuraman/.m2/repository/org/ow2/asm/asm-tree/9.5/asm-tree-9.5.jar:/Users/palaniappanmuthuraman/.m2/repository/org/ow2/asm/asm-analysis/9.5/asm-analysis-9.5.jar:/Users/palaniappanmuthuraman/.m2/repository/org/ow2/asm/asm-commons/9.5/asm-commons-9.5.jar:/Users/palaniappanmuthuraman/.m2/repository/de/femtopedia/dex2jar/dex2jar/2.4.16/dex2jar-2.4.16.jar:/Users/palaniappanmuthuraman/.m2/repository/de/femtopedia/dex2jar/d2j-base-cmd/2.4.16/d2j-base-cmd-2.4.16.jar:/Users/palaniappanmuthuraman/.m2/repository/de/femtopedia/dex2jar/d2j-external/2.4.16/d2j-external-2.4.16.jar:/Users/palaniappanmuthuraman/.m2/repository/de/femtopedia/dex2jar/d2j-jasmin/2.4.16/d2j-jasmin-2.4.16.jar:/Users/palaniappanmuthuraman/.m2/repository/org/antlr/antlr-runtime/3.5.3/antlr-runtime-3.5.3.jar:/Users/palaniappanmuthuraman/.m2/repository/de/femtopedia/dex2jar/d2j-smali/2.4.16/d2j-smali-2.4.16.jar:/Users/palaniappanmuthuraman/.m2/repository/de/femtopedia/dex2jar/dex-ir/2.4.16/dex-ir-2.4.16.jar:/Users/palaniappanmuthuraman/.m2/repository/de/femtopedia/dex2jar/dex-reader/2.4.16/dex-reader-2.4.16.jar:/Users/palaniappanmuthuraman/.m2/repository/de/femtopedia/dex2jar/dex-reader-api/2.4.16/dex-reader-api-2.4.16.jar:/Users/palaniappanmuthuraman/.m2/repository/de/femtopedia/dex2jar/dex-tools/2.4.16/dex-tools-2.4.16.jar:/Users/palaniappanmuthuraman/.m2/repository/de/femtopedia/dex2jar/dex-translator/2.4.16/dex-translator-2.4.16.jar:/Users/palaniappanmuthuraman/.m2/repository/de/femtopedia/dex2jar/dex-writer/2.4.16/dex-writer-2.4.16.jar:/Users/palaniappanmuthuraman/.m2/repository/org/soot-oss/sootup.analysis/1.3.0/sootup.analysis-1.3.0.jar:/Users/palaniappanmuthuraman/.m2/repository/org/soot-oss/sootup.callgraph/1.3.0/sootup.callgraph-1.3.0.jar:/Users/palaniappanmuthuraman/.m2/repository/de/upb/cs/swt/heros/1.2.3/heros-1.2.3.jar:/Users/palaniappanmuthuraman/.m2/repository/org/functionaljava/functionaljava/4.2/functionaljava-4.2.jar:/Users/palaniappanmuthuraman/.m2/repository/org/soot-oss/sootup.jimple.parser/1.3.0/sootup.jimple.parser-1.3.0.jar:/Users/palaniappanmuthuraman/.m2/repository/org/soot-oss/sootup.java.sourcecode/1.3.0/sootup.java.sourcecode-1.3.0.jar:/Users/palaniappanmuthuraman/.m2/repository/com/ibm/wala/com.ibm.wala.core/1.5.9/com.ibm.wala.core-1.5.9.jar:/Users/palaniappanmuthuraman/.m2/repository/com/ibm/wala/com.ibm.wala.cast/1.5.9/com.ibm.wala.cast-1.5.9.jar:/Users/palaniappanmuthuraman/.m2/repository/com/ibm/wala/com.ibm.wala.cast.java/1.5.9/com.ibm.wala.cast.java-1.5.9.jar:/Users/palaniappanmuthuraman/.m2/repository/com/ibm/wala/com.ibm.wala.cast.java.ecj/1.5.9/com.ibm.wala.cast.java.ecj-1.5.9.jar:/Users/palaniappanmuthuraman/.m2/repository/org/eclipse/platform/org.eclipse.core.runtime/3.17.100/org.eclipse.core.runtime-3.17.100.jar:/Users/palaniappanmuthuraman/.m2/repository/org/eclipse/platform/org.eclipse.osgi/3.14.0/org.eclipse.osgi-3.14.0.jar:/Users/palaniappanmuthuraman/.m2/repository/org/eclipse/platform/org.eclipse.equinox.common/3.14.100/org.eclipse.equinox.common-3.14.100.jar:/Users/palaniappanmuthuraman/.m2/repository/org/eclipse/platform/org.eclipse.core.jobs/3.9.3/org.eclipse.core.jobs-3.9.3.jar:/Users/palaniappanmuthuraman/.m2/repository/org/eclipse/platform/org.eclipse.equinox.registry/3.11.200/org.eclipse.equinox.registry-3.11.200.jar:/Users/palaniappanmuthuraman/.m2/repository/org/eclipse/platform/org.eclipse.equinox.preferences/3.9.100/org.eclipse.equinox.preferences-3.9.100.jar:/Users/palaniappanmuthuraman/.m2/repository/org/osgi/org.osgi.service.prefs/1.1.2/org.osgi.service.prefs-1.1.2.jar:/Users/palaniappanmuthuraman/.m2/repository/org/osgi/osgi.annotation/8.0.1/osgi.annotation-8.0.1.jar:/Users/palaniappanmuthuraman/.m2/repository/org/eclipse/platform/org.eclipse.core.contenttype/3.7.1000/org.eclipse.core.contenttype-3.7.1000.jar:/Users/palaniappanmuthuraman/.m2/repository/org/eclipse/platform/org.eclipse.equinox.app/1.6.200/org.eclipse.equinox.app-1.6.200.jar:/Users/palaniappanmuthuraman/.m2/repository/org/eclipse/jdt/org.eclipse.jdt.core/3.14.0/org.eclipse.jdt.core-3.14.0.jar:/Users/palaniappanmuthuraman/.m2/repository/org/eclipse/platform/org.eclipse.core.resources/3.14.0/org.eclipse.core.resources-3.14.0.jar:/Users/palaniappanmuthuraman/.m2/repository/org/eclipse/platform/org.eclipse.core.expressions/3.8.200/org.eclipse.core.expressions-3.8.200.jar:/Users/palaniappanmuthuraman/.m2/repository/org/eclipse/platform/org.eclipse.core.filesystem/1.9.500/org.eclipse.core.filesystem-1.9.500.jar:/Users/palaniappanmuthuraman/.m2/repository/org/eclipse/platform/org.eclipse.text/3.12.300/org.eclipse.text-3.12.300.jar:/Users/palaniappanmuthuraman/.m2/repository/org/eclipse/platform/org.eclipse.core.commands/3.9.700/org.eclipse.core.commands-3.9.700.jar:/Users/palaniappanmuthuraman/.m2/repository/com/ibm/wala/com.ibm.wala.util/1.5.9/com.ibm.wala.util-1.5.9.jar:/Users/palaniappanmuthuraman/.m2/repository/com/ibm/wala/com.ibm.wala.shrike/1.5.9/com.ibm.wala.shrike-1.5.9.jar:/Users/palaniappanmuthuraman/.m2/repository/com/ibm/wala/com.ibm.wala.dalvik/1.5.9/com.ibm.wala.dalvik-1.5.9.jar:/Users/palaniappanmuthuraman/.m2/repository/org/smali/dexlib2/2.5.2/dexlib2-2.5.2.jar:/Users/palaniappanmuthuraman/.m2/repository/org/antlr/antlr4-runtime/4.9.3/antlr4-runtime-4.9.3.jar:"/>
    <property name="java.vm.vendor" value="GraalVM Community"/>
    <property name="sun.arch.data.model" value="64"/>
    <property name="java.vendor.url" value="https://www.graalvm.org/"/>
    <property name="os.name" value="Mac OS X"/>
    <property name="java.vm.specification.version" value="24"/>
    <property name="sun.java.launcher" value="SUN_STANDARD"/>
    <property name="user.country" value="US"/>
    <property name="sun.boot.library.path" value="/Users/palaniappanmuthuraman/.mx/jdks/labsjdk-ce-latest-24+6-jvmci-b01/Contents/Home/lib"/>
    <property name="sun.java.command" value="/Users/palaniappanmuthuraman/WorkSpace/teaching-deca/DECA 1/labs/sheet04/code/DECALab4-SootUp/target/surefire/surefirebooter-20250123094151080_3.jar /Users/palaniappanmuthuraman/WorkSpace/teaching-deca/DECA 1/labs/sheet04/code/DECALab4-SootUp/target/surefire 2025-01-23T09-41-51_051-jvmRun1 surefire-20250123094151080_1tmp surefire_0-20250123094151080_2tmp"/>
    <property name="http.nonProxyHosts" value="local|*.local|169.254/16|*.169.254/16"/>
    <property name="jdk.debug" value="release"/>
    <property name="surefire.test.class.path" value="/Users/palaniappanmuthuraman/WorkSpace/teaching-deca/DECA 1/labs/sheet04/code/DECALab4-SootUp/target/test-classes:/Users/palaniappanmuthuraman/WorkSpace/teaching-deca/DECA 1/labs/sheet04/code/DECALab4-SootUp/target/classes:/Users/palaniappanmuthuraman/.m2/repository/junit/junit/4.13.2/junit-4.13.2.jar:/Users/palaniappanmuthuraman/.m2/repository/org/hamcrest/hamcrest-core/1.3/hamcrest-core-1.3.jar:/Users/palaniappanmuthuraman/.m2/repository/org/soot-oss/sootup.core/1.3.0/sootup.core-1.3.0.jar:/Users/palaniappanmuthuraman/.m2/repository/org/jgrapht/jgrapht-core/1.3.1/jgrapht-core-1.3.1.jar:/Users/palaniappanmuthuraman/.m2/repository/org/jheaps/jheaps/0.10/jheaps-0.10.jar:/Users/palaniappanmuthuraman/.m2/repository/org/slf4j/slf4j-api/2.0.5/slf4j-api-2.0.5.jar:/Users/palaniappanmuthuraman/.m2/repository/org/apache/commons/commons-lang3/3.12.0/commons-lang3-3.12.0.jar:/Users/palaniappanmuthuraman/.m2/repository/commons-io/commons-io/2.11.0/commons-io-2.11.0.jar:/Users/palaniappanmuthuraman/.m2/repository/com/google/guava/guava/32.0.1-jre/guava-32.0.1-jre.jar:/Users/palaniappanmuthuraman/.m2/repository/com/google/guava/failureaccess/1.0.1/failureaccess-1.0.1.jar:/Users/palaniappanmuthuraman/.m2/repository/com/google/guava/listenablefuture/9999.0-empty-to-avoid-conflict-with-guava/listenablefuture-9999.0-empty-to-avoid-conflict-with-guava.jar:/Users/palaniappanmuthuraman/.m2/repository/org/checkerframework/checker-qual/3.33.0/checker-qual-3.33.0.jar:/Users/palaniappanmuthuraman/.m2/repository/com/google/errorprone/error_prone_annotations/2.18.0/error_prone_annotations-2.18.0.jar:/Users/palaniappanmuthuraman/.m2/repository/com/google/j2objc/j2objc-annotations/2.8/j2objc-annotations-2.8.jar:/Users/palaniappanmuthuraman/.m2/repository/com/google/code/findbugs/jsr305/3.0.2/jsr305-3.0.2.jar:/Users/palaniappanmuthuraman/.m2/repository/org/soot-oss/sootup.java.core/1.3.0/sootup.java.core-1.3.0.jar:/Users/palaniappanmuthuraman/.m2/repository/org/soot-oss/sootup.java.bytecode/1.3.0/sootup.java.bytecode-1.3.0.jar:/Users/palaniappanmuthuraman/.m2/repository/org/ow2/asm/asm-util/9.5/asm-util-9.5.jar:/Users/palaniappanmuthuraman/.m2/repository/org/ow2/asm/asm/9.5/asm-9.5.jar:/Users/palaniappanmuthuraman/.m2/repository/org/ow2/asm/asm-tree/9.5/asm-tree-9.5.jar:/Users/palaniappanmuthuraman/.m2/repository/org/ow2/asm/asm-analysis/9.5/asm-analysis-9.5.jar:/Users/palaniappanmuthuraman/.m2/repository/org/ow2/asm/asm-commons/9.5/asm-commons-9.5.jar:/Users/palaniappanmuthuraman/.m2/repository/de/femtopedia/dex2jar/dex2jar/2.4.16/dex2jar-2.4.16.jar:/Users/palaniappanmuthuraman/.m2/repository/de/femtopedia/dex2jar/d2j-base-cmd/2.4.16/d2j-base-cmd-2.4.16.jar:/Users/palaniappanmuthuraman/.m2/repository/de/femtopedia/dex2jar/d2j-external/2.4.16/d2j-external-2.4.16.jar:/Users/palaniappanmuthuraman/.m2/repository/de/femtopedia/dex2jar/d2j-jasmin/2.4.16/d2j-jasmin-2.4.16.jar:/Users/palaniappanmuthuraman/.m2/repository/org/antlr/antlr-runtime/3.5.3/antlr-runtime-3.5.3.jar:/Users/palaniappanmuthuraman/.m2/repository/de/femtopedia/dex2jar/d2j-smali/2.4.16/d2j-smali-2.4.16.jar:/Users/palaniappanmuthuraman/.m2/repository/de/femtopedia/dex2jar/dex-ir/2.4.16/dex-ir-2.4.16.jar:/Users/palaniappanmuthuraman/.m2/repository/de/femtopedia/dex2jar/dex-reader/2.4.16/dex-reader-2.4.16.jar:/Users/palaniappanmuthuraman/.m2/repository/de/femtopedia/dex2jar/dex-reader-api/2.4.16/dex-reader-api-2.4.16.jar:/Users/palaniappanmuthuraman/.m2/repository/de/femtopedia/dex2jar/dex-tools/2.4.16/dex-tools-2.4.16.jar:/Users/palaniappanmuthuraman/.m2/repository/de/femtopedia/dex2jar/dex-translator/2.4.16/dex-translator-2.4.16.jar:/Users/palaniappanmuthuraman/.m2/repository/de/femtopedia/dex2jar/dex-writer/2.4.16/dex-writer-2.4.16.jar:/Users/palaniappanmuthuraman/.m2/repository/org/soot-oss/sootup.analysis/1.3.0/sootup.analysis-1.3.0.jar:/Users/palaniappanmuthuraman/.m2/repository/org/soot-oss/sootup.callgraph/1.3.0/sootup.callgraph-1.3.0.jar:/Users/palaniappanmuthuraman/.m2/repository/de/upb/cs/swt/heros/1.2.3/heros-1.2.3.jar:/Users/palaniappanmuthuraman/.m2/repository/org/functionaljava/functionaljava/4.2/functionaljava-4.2.jar:/Users/palaniappanmuthuraman/.m2/repository/org/soot-oss/sootup.jimple.parser/1.3.0/sootup.jimple.parser-1.3.0.jar:/Users/palaniappanmuthuraman/.m2/repository/org/soot-oss/sootup.java.sourcecode/1.3.0/sootup.java.sourcecode-1.3.0.jar:/Users/palaniappanmuthuraman/.m2/repository/com/ibm/wala/com.ibm.wala.core/1.5.9/com.ibm.wala.core-1.5.9.jar:/Users/palaniappanmuthuraman/.m2/repository/com/ibm/wala/com.ibm.wala.cast/1.5.9/com.ibm.wala.cast-1.5.9.jar:/Users/palaniappanmuthuraman/.m2/repository/com/ibm/wala/com.ibm.wala.cast.java/1.5.9/com.ibm.wala.cast.java-1.5.9.jar:/Users/palaniappanmuthuraman/.m2/repository/com/ibm/wala/com.ibm.wala.cast.java.ecj/1.5.9/com.ibm.wala.cast.java.ecj-1.5.9.jar:/Users/palaniappanmuthuraman/.m2/repository/org/eclipse/platform/org.eclipse.core.runtime/3.17.100/org.eclipse.core.runtime-3.17.100.jar:/Users/palaniappanmuthuraman/.m2/repository/org/eclipse/platform/org.eclipse.osgi/3.14.0/org.eclipse.osgi-3.14.0.jar:/Users/palaniappanmuthuraman/.m2/repository/org/eclipse/platform/org.eclipse.equinox.common/3.14.100/org.eclipse.equinox.common-3.14.100.jar:/Users/palaniappanmuthuraman/.m2/repository/org/eclipse/platform/org.eclipse.core.jobs/3.9.3/org.eclipse.core.jobs-3.9.3.jar:/Users/palaniappanmuthuraman/.m2/repository/org/eclipse/platform/org.eclipse.equinox.registry/3.11.200/org.eclipse.equinox.registry-3.11.200.jar:/Users/palaniappanmuthuraman/.m2/repository/org/eclipse/platform/org.eclipse.equinox.preferences/3.9.100/org.eclipse.equinox.preferences-3.9.100.jar:/Users/palaniappanmuthuraman/.m2/repository/org/osgi/org.osgi.service.prefs/1.1.2/org.osgi.service.prefs-1.1.2.jar:/Users/palaniappanmuthuraman/.m2/repository/org/osgi/osgi.annotation/8.0.1/osgi.annotation-8.0.1.jar:/Users/palaniappanmuthuraman/.m2/repository/org/eclipse/platform/org.eclipse.core.contenttype/3.7.1000/org.eclipse.core.contenttype-3.7.1000.jar:/Users/palaniappanmuthuraman/.m2/repository/org/eclipse/platform/org.eclipse.equinox.app/1.6.200/org.eclipse.equinox.app-1.6.200.jar:/Users/palaniappanmuthuraman/.m2/repository/org/eclipse/jdt/org.eclipse.jdt.core/3.14.0/org.eclipse.jdt.core-3.14.0.jar:/Users/palaniappanmuthuraman/.m2/repository/org/eclipse/platform/org.eclipse.core.resources/3.14.0/org.eclipse.core.resources-3.14.0.jar:/Users/palaniappanmuthuraman/.m2/repository/org/eclipse/platform/org.eclipse.core.expressions/3.8.200/org.eclipse.core.expressions-3.8.200.jar:/Users/palaniappanmuthuraman/.m2/repository/org/eclipse/platform/org.eclipse.core.filesystem/1.9.500/org.eclipse.core.filesystem-1.9.500.jar:/Users/palaniappanmuthuraman/.m2/repository/org/eclipse/platform/org.eclipse.text/3.12.300/org.eclipse.text-3.12.300.jar:/Users/palaniappanmuthuraman/.m2/repository/org/eclipse/platform/org.eclipse.core.commands/3.9.700/org.eclipse.core.commands-3.9.700.jar:/Users/palaniappanmuthuraman/.m2/repository/com/ibm/wala/com.ibm.wala.util/1.5.9/com.ibm.wala.util-1.5.9.jar:/Users/palaniappanmuthuraman/.m2/repository/com/ibm/wala/com.ibm.wala.shrike/1.5.9/com.ibm.wala.shrike-1.5.9.jar:/Users/palaniappanmuthuraman/.m2/repository/com/ibm/wala/com.ibm.wala.dalvik/1.5.9/com.ibm.wala.dalvik-1.5.9.jar:/Users/palaniappanmuthuraman/.m2/repository/org/smali/dexlib2/2.5.2/dexlib2-2.5.2.jar:/Users/palaniappanmuthuraman/.m2/repository/org/antlr/antlr4-runtime/4.9.3/antlr4-runtime-4.9.3.jar:"/>
    <property name="sun.cpu.endian" value="little"/>
    <property name="user.home" value="/Users/palaniappanmuthuraman"/>
    <property name="user.language" value="en"/>
    <property name="java.specification.vendor" value="Oracle Corporation"/>
    <property name="java.version.date" value="2025-03-18"/>
    <property name="java.home" value="/Users/palaniappanmuthuraman/.mx/jdks/labsjdk-ce-latest-24+6-jvmci-b01/Contents/Home"/>
    <property name="file.separator" value="/"/>
    <property name="basedir" value="/Users/palaniappanmuthuraman/WorkSpace/teaching-deca/DECA 1/labs/sheet04/code/DECALab4-SootUp"/>
    <property name="java.vm.compressedOopsMode" value="Zero based"/>
    <property name="line.separator" value="&#10;"/>
    <property name="java.vm.specification.vendor" value="Oracle Corporation"/>
    <property name="java.specification.name" value="Java Platform API Specification"/>
    <property name="apple.awt.application.name" value="ForkedBooter"/>
    <property name="surefire.real.class.path" value="/Users/palaniappanmuthuraman/WorkSpace/teaching-deca/DECA 1/labs/sheet04/code/DECALab4-SootUp/target/surefire/surefirebooter-20250123094151080_3.jar"/>
    <property name="sun.management.compiler" value="HotSpot 64-Bit Tiered Compilers"/>
    <property name="ftp.nonProxyHosts" value="local|*.local|169.254/16|*.169.254/16"/>
    <property name="java.runtime.version" value="24+6-jvmci-b01"/>
    <property name="user.name" value="palaniappanmuthuraman"/>
    <property name="stdout.encoding" value="UTF-8"/>
    <property name="path.separator" value=":"/>
    <property name="os.version" value="15.1"/>
    <property name="java.runtime.name" value="OpenJDK Runtime Environment"/>
    <property name="file.encoding" value="UTF-8"/>
    <property name="java.vm.name" value="OpenJDK 64-Bit Server VM"/>
    <property name="localRepository" value="/Users/palaniappanmuthuraman/.m2/repository"/>
    <property name="java.vendor.url.bug" value="https://github.com/oracle/graal/issues"/>
    <property name="java.io.tmpdir" value="/var/folders/4p/4q21mmvn1q59x_dhyytjy6d80000gn/T/"/>
    <property name="idea.version" value="2024.1.4"/>
    <property name="java.version" value="24"/>
    <property name="user.dir" value="/Users/palaniappanmuthuraman/WorkSpace/teaching-deca/DECA 1/labs/sheet04/code/DECALab4-SootUp"/>
    <property name="os.arch" value="aarch64"/>
    <property name="java.vm.specification.name" value="Java Virtual Machine Specification"/>
    <property name="native.encoding" value="UTF-8"/>
    <property name="java.library.path" value="/Users/palaniappanmuthuraman/Library/Java/Extensions:/Library/Java/Extensions:/Network/Library/Java/Extensions:/System/Library/Java/Extensions:/usr/lib/java:."/>
    <property name="java.vm.info" value="mixed mode, sharing"/>
    <property name="stderr.encoding" value="UTF-8"/>
    <property name="java.vendor" value="GraalVM Community"/>
    <property name="java.vm.version" value="24+6-jvmci-b01"/>
    <property name="sun.io.unicode.encoding" value="UnicodeBig"/>
    <property name="socksNonProxyHosts" value="local|*.local|169.254/16|*.169.254/16"/>
    <property name="java.class.version" value="68.0"/>
  </properties>
  <testcase name="FunctionCall2" classname="test.exercises.Exercise2Test" time="0.121">
    <error message="Cannot invoke &quot;heros.EdgeFunction.meetWith(heros.EdgeFunction)&quot; because &quot;jumpFnE&quot; is null" type="java.lang.NullPointerException"><![CDATA[java.lang.NullPointerException: Cannot invoke "heros.EdgeFunction.meetWith(heros.EdgeFunction)" because "jumpFnE" is null
	at heros.solver.IDESolver.propagate(IDESolver.java:642)
	at heros.solver.IDESolver.submitInitialSeeds(IDESolver.java:228)
	at heros.solver.IDESolver.solve(IDESolver.java:215)
	at sootup.analysis.interprocedural.ide.JimpleIDESolver.solve(JimpleIDESolver.java:40)
	at test.base.IDETestSetUp.executeStaticAnalysis(IDETestSetUp.java:41)
	at test.exercises.Exercise2Test.FunctionCall2(Exercise2Test.java:68)
	at java.base/jdk.internal.reflect.DirectMethodHandleAccessor.invoke(DirectMethodHandleAccessor.java:103)
	at java.base/java.lang.reflect.Method.invoke(Method.java:580)
	at org.junit.runners.model.FrameworkMethod$1.runReflectiveCall(FrameworkMethod.java:59)
	at org.junit.internal.runners.model.ReflectiveCallable.run(ReflectiveCallable.java:12)
	at org.junit.runners.model.FrameworkMethod.invokeExplosively(FrameworkMethod.java:56)
	at org.junit.internal.runners.statements.InvokeMethod.evaluate(InvokeMethod.java:17)
	at org.junit.runners.ParentRunner$3.evaluate(ParentRunner.java:306)
	at org.junit.runners.BlockJUnit4ClassRunner$1.evaluate(BlockJUnit4ClassRunner.java:100)
	at org.junit.runners.ParentRunner.runLeaf(ParentRunner.java:366)
	at org.junit.runners.BlockJUnit4ClassRunner.runChild(BlockJUnit4ClassRunner.java:103)
	at org.junit.runners.BlockJUnit4ClassRunner.runChild(BlockJUnit4ClassRunner.java:63)
	at org.junit.runners.ParentRunner$4.run(ParentRunner.java:331)
	at org.junit.runners.ParentRunner$1.schedule(ParentRunner.java:79)
	at org.junit.runners.ParentRunner.runChildren(ParentRunner.java:329)
	at org.junit.runners.ParentRunner.access$100(ParentRunner.java:66)
	at org.junit.runners.ParentRunner$2.evaluate(ParentRunner.java:293)
	at org.junit.runners.ParentRunner$3.evaluate(ParentRunner.java:306)
	at org.junit.runners.ParentRunner.run(ParentRunner.java:413)
	at org.apache.maven.surefire.junit4.JUnit4Provider.execute(JUnit4Provider.java:316)
	at org.apache.maven.surefire.junit4.JUnit4Provider.executeWithRerun(JUnit4Provider.java:240)
	at org.apache.maven.surefire.junit4.JUnit4Provider.executeTestSet(JUnit4Provider.java:214)
	at org.apache.maven.surefire.junit4.JUnit4Provider.invoke(JUnit4Provider.java:155)
	at org.apache.maven.surefire.booter.ForkedBooter.runSuitesInProcess(ForkedBooter.java:385)
	at org.apache.maven.surefire.booter.ForkedBooter.execute(ForkedBooter.java:162)
	at org.apache.maven.surefire.booter.ForkedBooter.run(ForkedBooter.java:507)
	at org.apache.maven.surefire.booter.ForkedBooter.main(ForkedBooter.java:495)
]]></error>
    <system-err><![CDATA[SLF4J: No SLF4J providers were found.
SLF4J: Defaulting to no-operation (NOP) logger implementation
SLF4J: See https://www.slf4j.org/codes.html#noProviders for further details.
]]></system-err>
  </testcase>
  <testcase name="SimpleAssignment" classname="test.exercises.Exercise2Test" time="0.0">
    <error message="Cannot invoke &quot;heros.EdgeFunction.meetWith(heros.EdgeFunction)&quot; because &quot;jumpFnE&quot; is null" type="java.lang.NullPointerException"><![CDATA[java.lang.NullPointerException: Cannot invoke "heros.EdgeFunction.meetWith(heros.EdgeFunction)" because "jumpFnE" is null
	at heros.solver.IDESolver.propagate(IDESolver.java:642)
	at heros.solver.IDESolver.submitInitialSeeds(IDESolver.java:228)
	at heros.solver.IDESolver.solve(IDESolver.java:215)
	at sootup.analysis.interprocedural.ide.JimpleIDESolver.solve(JimpleIDESolver.java:40)
	at test.base.IDETestSetUp.executeStaticAnalysis(IDETestSetUp.java:41)
	at test.exercises.Exercise2Test.SimpleAssignment(Exercise2Test.java:20)
	at java.base/jdk.internal.reflect.DirectMethodHandleAccessor.invoke(DirectMethodHandleAccessor.java:103)
	at java.base/java.lang.reflect.Method.invoke(Method.java:580)
	at org.junit.runners.model.FrameworkMethod$1.runReflectiveCall(FrameworkMethod.java:59)
	at org.junit.internal.runners.model.ReflectiveCallable.run(ReflectiveCallable.java:12)
	at org.junit.runners.model.FrameworkMethod.invokeExplosively(FrameworkMethod.java:56)
	at org.junit.internal.runners.statements.InvokeMethod.evaluate(InvokeMethod.java:17)
	at org.junit.runners.ParentRunner$3.evaluate(ParentRunner.java:306)
	at org.junit.runners.BlockJUnit4ClassRunner$1.evaluate(BlockJUnit4ClassRunner.java:100)
	at org.junit.runners.ParentRunner.runLeaf(ParentRunner.java:366)
	at org.junit.runners.BlockJUnit4ClassRunner.runChild(BlockJUnit4ClassRunner.java:103)
	at org.junit.runners.BlockJUnit4ClassRunner.runChild(BlockJUnit4ClassRunner.java:63)
	at org.junit.runners.ParentRunner$4.run(ParentRunner.java:331)
	at org.junit.runners.ParentRunner$1.schedule(ParentRunner.java:79)
	at org.junit.runners.ParentRunner.runChildren(ParentRunner.java:329)
	at org.junit.runners.ParentRunner.access$100(ParentRunner.java:66)
	at org.junit.runners.ParentRunner$2.evaluate(ParentRunner.java:293)
	at org.junit.runners.ParentRunner$3.evaluate(ParentRunner.java:306)
	at org.junit.runners.ParentRunner.run(ParentRunner.java:413)
	at org.apache.maven.surefire.junit4.JUnit4Provider.execute(JUnit4Provider.java:316)
	at org.apache.maven.surefire.junit4.JUnit4Provider.executeWithRerun(JUnit4Provider.java:240)
	at org.apache.maven.surefire.junit4.JUnit4Provider.executeTestSet(JUnit4Provider.java:214)
	at org.apache.maven.surefire.junit4.JUnit4Provider.invoke(JUnit4Provider.java:155)
	at org.apache.maven.surefire.booter.ForkedBooter.runSuitesInProcess(ForkedBooter.java:385)
	at org.apache.maven.surefire.booter.ForkedBooter.execute(ForkedBooter.java:162)
	at org.apache.maven.surefire.booter.ForkedBooter.run(ForkedBooter.java:507)
	at org.apache.maven.surefire.booter.ForkedBooter.main(ForkedBooter.java:495)
]]></error>
  </testcase>
  <testcase name="SimpleAssignment2" classname="test.exercises.Exercise2Test" time="0.001">
    <error message="Cannot invoke &quot;heros.EdgeFunction.meetWith(heros.EdgeFunction)&quot; because &quot;jumpFnE&quot; is null" type="java.lang.NullPointerException"><![CDATA[java.lang.NullPointerException: Cannot invoke "heros.EdgeFunction.meetWith(heros.EdgeFunction)" because "jumpFnE" is null
	at heros.solver.IDESolver.propagate(IDESolver.java:642)
	at heros.solver.IDESolver.submitInitialSeeds(IDESolver.java:228)
	at heros.solver.IDESolver.solve(IDESolver.java:215)
	at sootup.analysis.interprocedural.ide.JimpleIDESolver.solve(JimpleIDESolver.java:40)
	at test.base.IDETestSetUp.executeStaticAnalysis(IDETestSetUp.java:41)
	at test.exercises.Exercise2Test.SimpleAssignment2(Exercise2Test.java:29)
	at java.base/jdk.internal.reflect.DirectMethodHandleAccessor.invoke(DirectMethodHandleAccessor.java:103)
	at java.base/java.lang.reflect.Method.invoke(Method.java:580)
	at org.junit.runners.model.FrameworkMethod$1.runReflectiveCall(FrameworkMethod.java:59)
	at org.junit.internal.runners.model.ReflectiveCallable.run(ReflectiveCallable.java:12)
	at org.junit.runners.model.FrameworkMethod.invokeExplosively(FrameworkMethod.java:56)
	at org.junit.internal.runners.statements.InvokeMethod.evaluate(InvokeMethod.java:17)
	at org.junit.runners.ParentRunner$3.evaluate(ParentRunner.java:306)
	at org.junit.runners.BlockJUnit4ClassRunner$1.evaluate(BlockJUnit4ClassRunner.java:100)
	at org.junit.runners.ParentRunner.runLeaf(ParentRunner.java:366)
	at org.junit.runners.BlockJUnit4ClassRunner.runChild(BlockJUnit4ClassRunner.java:103)
	at org.junit.runners.BlockJUnit4ClassRunner.runChild(BlockJUnit4ClassRunner.java:63)
	at org.junit.runners.ParentRunner$4.run(ParentRunner.java:331)
	at org.junit.runners.ParentRunner$1.schedule(ParentRunner.java:79)
	at org.junit.runners.ParentRunner.runChildren(ParentRunner.java:329)
	at org.junit.runners.ParentRunner.access$100(ParentRunner.java:66)
	at org.junit.runners.ParentRunner$2.evaluate(ParentRunner.java:293)
	at org.junit.runners.ParentRunner$3.evaluate(ParentRunner.java:306)
	at org.junit.runners.ParentRunner.run(ParentRunner.java:413)
	at org.apache.maven.surefire.junit4.JUnit4Provider.execute(JUnit4Provider.java:316)
	at org.apache.maven.surefire.junit4.JUnit4Provider.executeWithRerun(JUnit4Provider.java:240)
	at org.apache.maven.surefire.junit4.JUnit4Provider.executeTestSet(JUnit4Provider.java:214)
	at org.apache.maven.surefire.junit4.JUnit4Provider.invoke(JUnit4Provider.java:155)
	at org.apache.maven.surefire.booter.ForkedBooter.runSuitesInProcess(ForkedBooter.java:385)
	at org.apache.maven.surefire.booter.ForkedBooter.execute(ForkedBooter.java:162)
	at org.apache.maven.surefire.booter.ForkedBooter.run(ForkedBooter.java:507)
	at org.apache.maven.surefire.booter.ForkedBooter.main(ForkedBooter.java:495)
]]></error>
  </testcase>
  <testcase name="SimpleAssignment3" classname="test.exercises.Exercise2Test" time="0.001">
    <error message="Cannot invoke &quot;heros.EdgeFunction.meetWith(heros.EdgeFunction)&quot; because &quot;jumpFnE&quot; is null" type="java.lang.NullPointerException"><![CDATA[java.lang.NullPointerException: Cannot invoke "heros.EdgeFunction.meetWith(heros.EdgeFunction)" because "jumpFnE" is null
	at heros.solver.IDESolver.propagate(IDESolver.java:642)
	at heros.solver.IDESolver.submitInitialSeeds(IDESolver.java:228)
	at heros.solver.IDESolver.solve(IDESolver.java:215)
	at sootup.analysis.interprocedural.ide.JimpleIDESolver.solve(JimpleIDESolver.java:40)
	at test.base.IDETestSetUp.executeStaticAnalysis(IDETestSetUp.java:41)
	at test.exercises.Exercise2Test.SimpleAssignment3(Exercise2Test.java:39)
	at java.base/jdk.internal.reflect.DirectMethodHandleAccessor.invoke(DirectMethodHandleAccessor.java:103)
	at java.base/java.lang.reflect.Method.invoke(Method.java:580)
	at org.junit.runners.model.FrameworkMethod$1.runReflectiveCall(FrameworkMethod.java:59)
	at org.junit.internal.runners.model.ReflectiveCallable.run(ReflectiveCallable.java:12)
	at org.junit.runners.model.FrameworkMethod.invokeExplosively(FrameworkMethod.java:56)
	at org.junit.internal.runners.statements.InvokeMethod.evaluate(InvokeMethod.java:17)
	at org.junit.runners.ParentRunner$3.evaluate(ParentRunner.java:306)
	at org.junit.runners.BlockJUnit4ClassRunner$1.evaluate(BlockJUnit4ClassRunner.java:100)
	at org.junit.runners.ParentRunner.runLeaf(ParentRunner.java:366)
	at org.junit.runners.BlockJUnit4ClassRunner.runChild(BlockJUnit4ClassRunner.java:103)
	at org.junit.runners.BlockJUnit4ClassRunner.runChild(BlockJUnit4ClassRunner.java:63)
	at org.junit.runners.ParentRunner$4.run(ParentRunner.java:331)
	at org.junit.runners.ParentRunner$1.schedule(ParentRunner.java:79)
	at org.junit.runners.ParentRunner.runChildren(ParentRunner.java:329)
	at org.junit.runners.ParentRunner.access$100(ParentRunner.java:66)
	at org.junit.runners.ParentRunner$2.evaluate(ParentRunner.java:293)
	at org.junit.runners.ParentRunner$3.evaluate(ParentRunner.java:306)
	at org.junit.runners.ParentRunner.run(ParentRunner.java:413)
	at org.apache.maven.surefire.junit4.JUnit4Provider.execute(JUnit4Provider.java:316)
	at org.apache.maven.surefire.junit4.JUnit4Provider.executeWithRerun(JUnit4Provider.java:240)
	at org.apache.maven.surefire.junit4.JUnit4Provider.executeTestSet(JUnit4Provider.java:214)
	at org.apache.maven.surefire.junit4.JUnit4Provider.invoke(JUnit4Provider.java:155)
	at org.apache.maven.surefire.booter.ForkedBooter.runSuitesInProcess(ForkedBooter.java:385)
	at org.apache.maven.surefire.booter.ForkedBooter.execute(ForkedBooter.java:162)
	at org.apache.maven.surefire.booter.ForkedBooter.run(ForkedBooter.java:507)
	at org.apache.maven.surefire.booter.ForkedBooter.main(ForkedBooter.java:495)
]]></error>
  </testcase>
  <testcase name="SimpleAssignment4" classname="test.exercises.Exercise2Test" time="0.001">
    <error message="Cannot invoke &quot;heros.EdgeFunction.meetWith(heros.EdgeFunction)&quot; because &quot;jumpFnE&quot; is null" type="java.lang.NullPointerException"><![CDATA[java.lang.NullPointerException: Cannot invoke "heros.EdgeFunction.meetWith(heros.EdgeFunction)" because "jumpFnE" is null
	at heros.solver.IDESolver.propagate(IDESolver.java:642)
	at heros.solver.IDESolver.submitInitialSeeds(IDESolver.java:228)
	at heros.solver.IDESolver.solve(IDESolver.java:215)
	at sootup.analysis.interprocedural.ide.JimpleIDESolver.solve(JimpleIDESolver.java:40)
	at test.base.IDETestSetUp.executeStaticAnalysis(IDETestSetUp.java:41)
	at test.exercises.Exercise2Test.SimpleAssignment4(Exercise2Test.java:49)
	at java.base/jdk.internal.reflect.DirectMethodHandleAccessor.invoke(DirectMethodHandleAccessor.java:103)
	at java.base/java.lang.reflect.Method.invoke(Method.java:580)
	at org.junit.runners.model.FrameworkMethod$1.runReflectiveCall(FrameworkMethod.java:59)
	at org.junit.internal.runners.model.ReflectiveCallable.run(ReflectiveCallable.java:12)
	at org.junit.runners.model.FrameworkMethod.invokeExplosively(FrameworkMethod.java:56)
	at org.junit.internal.runners.statements.InvokeMethod.evaluate(InvokeMethod.java:17)
	at org.junit.runners.ParentRunner$3.evaluate(ParentRunner.java:306)
	at org.junit.runners.BlockJUnit4ClassRunner$1.evaluate(BlockJUnit4ClassRunner.java:100)
	at org.junit.runners.ParentRunner.runLeaf(ParentRunner.java:366)
	at org.junit.runners.BlockJUnit4ClassRunner.runChild(BlockJUnit4ClassRunner.java:103)
	at org.junit.runners.BlockJUnit4ClassRunner.runChild(BlockJUnit4ClassRunner.java:63)
	at org.junit.runners.ParentRunner$4.run(ParentRunner.java:331)
	at org.junit.runners.ParentRunner$1.schedule(ParentRunner.java:79)
	at org.junit.runners.ParentRunner.runChildren(ParentRunner.java:329)
	at org.junit.runners.ParentRunner.access$100(ParentRunner.java:66)
	at org.junit.runners.ParentRunner$2.evaluate(ParentRunner.java:293)
	at org.junit.runners.ParentRunner$3.evaluate(ParentRunner.java:306)
	at org.junit.runners.ParentRunner.run(ParentRunner.java:413)
	at org.apache.maven.surefire.junit4.JUnit4Provider.execute(JUnit4Provider.java:316)
	at org.apache.maven.surefire.junit4.JUnit4Provider.executeWithRerun(JUnit4Provider.java:240)
	at org.apache.maven.surefire.junit4.JUnit4Provider.executeTestSet(JUnit4Provider.java:214)
	at org.apache.maven.surefire.junit4.JUnit4Provider.invoke(JUnit4Provider.java:155)
	at org.apache.maven.surefire.booter.ForkedBooter.runSuitesInProcess(ForkedBooter.java:385)
	at org.apache.maven.surefire.booter.ForkedBooter.execute(ForkedBooter.java:162)
	at org.apache.maven.surefire.booter.ForkedBooter.run(ForkedBooter.java:507)
	at org.apache.maven.surefire.booter.ForkedBooter.main(ForkedBooter.java:495)
]]></error>
  </testcase>
  <testcase name="SimpleAssignment5" classname="test.exercises.Exercise2Test" time="0.003">
    <error message="Cannot invoke &quot;heros.EdgeFunction.meetWith(heros.EdgeFunction)&quot; because &quot;jumpFnE&quot; is null" type="java.lang.NullPointerException"><![CDATA[java.lang.NullPointerException: Cannot invoke "heros.EdgeFunction.meetWith(heros.EdgeFunction)" because "jumpFnE" is null
	at heros.solver.IDESolver.propagate(IDESolver.java:642)
	at heros.solver.IDESolver.submitInitialSeeds(IDESolver.java:228)
	at heros.solver.IDESolver.solve(IDESolver.java:215)
	at sootup.analysis.interprocedural.ide.JimpleIDESolver.solve(JimpleIDESolver.java:40)
	at test.base.IDETestSetUp.executeStaticAnalysis(IDETestSetUp.java:41)
	at test.exercises.Exercise2Test.SimpleAssignment5(Exercise2Test.java:59)
	at java.base/jdk.internal.reflect.DirectMethodHandleAccessor.invoke(DirectMethodHandleAccessor.java:103)
	at java.base/java.lang.reflect.Method.invoke(Method.java:580)
	at org.junit.runners.model.FrameworkMethod$1.runReflectiveCall(FrameworkMethod.java:59)
	at org.junit.internal.runners.model.ReflectiveCallable.run(ReflectiveCallable.java:12)
	at org.junit.runners.model.FrameworkMethod.invokeExplosively(FrameworkMethod.java:56)
	at org.junit.internal.runners.statements.InvokeMethod.evaluate(InvokeMethod.java:17)
	at org.junit.runners.ParentRunner$3.evaluate(ParentRunner.java:306)
	at org.junit.runners.BlockJUnit4ClassRunner$1.evaluate(BlockJUnit4ClassRunner.java:100)
	at org.junit.runners.ParentRunner.runLeaf(ParentRunner.java:366)
	at org.junit.runners.BlockJUnit4ClassRunner.runChild(BlockJUnit4ClassRunner.java:103)
	at org.junit.runners.BlockJUnit4ClassRunner.runChild(BlockJUnit4ClassRunner.java:63)
	at org.junit.runners.ParentRunner$4.run(ParentRunner.java:331)
	at org.junit.runners.ParentRunner$1.schedule(ParentRunner.java:79)
	at org.junit.runners.ParentRunner.runChildren(ParentRunner.java:329)
	at org.junit.runners.ParentRunner.access$100(ParentRunner.java:66)
	at org.junit.runners.ParentRunner$2.evaluate(ParentRunner.java:293)
	at org.junit.runners.ParentRunner$3.evaluate(ParentRunner.java:306)
	at org.junit.runners.ParentRunner.run(ParentRunner.java:413)
	at org.apache.maven.surefire.junit4.JUnit4Provider.execute(JUnit4Provider.java:316)
	at org.apache.maven.surefire.junit4.JUnit4Provider.executeWithRerun(JUnit4Provider.java:240)
	at org.apache.maven.surefire.junit4.JUnit4Provider.executeTestSet(JUnit4Provider.java:214)
	at org.apache.maven.surefire.junit4.JUnit4Provider.invoke(JUnit4Provider.java:155)
	at org.apache.maven.surefire.booter.ForkedBooter.runSuitesInProcess(ForkedBooter.java:385)
	at org.apache.maven.surefire.booter.ForkedBooter.execute(ForkedBooter.java:162)
	at org.apache.maven.surefire.booter.ForkedBooter.run(ForkedBooter.java:507)
	at org.apache.maven.surefire.booter.ForkedBooter.main(ForkedBooter.java:495)
]]></error>
  </testcase>
</testsuite>